c:\users\jaime vicente arroyo\desktop\c0s1t4s\universidad\2º\tpv2\tpbot\p2\tpv2\tpv2\x64\debug\vc143.pdb
c:\users\jaime vicente arroyo\desktop\c0s1t4s\universidad\2º\tpv2\tpbot\p2\tpv2\tpv2\x64\debug\vc143.idb
c:\users\jaime vicente arroyo\desktop\c0s1t4s\universidad\2º\tpv2\tpbot\p2\tpv2\tpv2\x64\debug\soundeffect.obj
c:\users\jaime vicente arroyo\desktop\c0s1t4s\universidad\2º\tpv2\tpbot\p2\tpv2\tpv2\x64\debug\sdlutils_demo.obj
c:\users\jaime vicente arroyo\desktop\c0s1t4s\universidad\2º\tpv2\tpbot\p2\tpv2\tpv2\x64\debug\sdlutils.obj
c:\users\jaime vicente arroyo\desktop\c0s1t4s\universidad\2º\tpv2\tpbot\p2\tpv2\tpv2\x64\debug\main.obj
c:\users\jaime vicente arroyo\desktop\c0s1t4s\universidad\2º\tpv2\tpbot\p2\tpv2\tpv2\x64\debug\json_demo.obj
c:\users\jaime vicente arroyo\desktop\c0s1t4s\universidad\2º\tpv2\tpbot\p2\tpv2\tpv2\x64\debug\jsonvalue.obj
c:\users\jaime vicente arroyo\desktop\c0s1t4s\universidad\2º\tpv2\tpbot\p2\tpv2\tpv2\x64\debug\json.obj
c:\users\jaime vicente arroyo\desktop\c0s1t4s\universidad\2º\tpv2\tpbot\p2\tpv2\tpv2\x64\debug\runningstate.obj
c:\users\jaime vicente arroyo\desktop\c0s1t4s\universidad\2º\tpv2\tpbot\p2\tpv2\tpv2\x64\debug\pausestate.obj
c:\users\jaime vicente arroyo\desktop\c0s1t4s\universidad\2º\tpv2\tpbot\p2\tpv2\tpv2\x64\debug\newroundstate.obj
c:\users\jaime vicente arroyo\desktop\c0s1t4s\universidad\2º\tpv2\tpbot\p2\tpv2\tpv2\x64\debug\newgamestate.obj
c:\users\jaime vicente arroyo\desktop\c0s1t4s\universidad\2º\tpv2\tpbot\p2\tpv2\tpv2\x64\debug\gamestate.obj
c:\users\jaime vicente arroyo\desktop\c0s1t4s\universidad\2º\tpv2\tpbot\p2\tpv2\tpv2\x64\debug\gameoverstate.obj
c:\users\jaime vicente arroyo\desktop\c0s1t4s\universidad\2º\tpv2\tpbot\p2\tpv2\tpv2\x64\debug\game.obj
c:\users\jaime vicente arroyo\desktop\c0s1t4s\universidad\2º\tpv2\tpbot\p2\tpv2\tpv2\x64\debug\manager.obj
c:\users\jaime vicente arroyo\desktop\c0s1t4s\universidad\2º\tpv2\tpbot\p2\tpv2\tpv2\x64\debug\transform.obj
c:\users\jaime vicente arroyo\desktop\c0s1t4s\universidad\2º\tpv2\tpbot\p2\tpv2\tpv2\x64\debug\miraclefruit.obj
c:\users\jaime vicente arroyo\desktop\c0s1t4s\universidad\2º\tpv2\tpbot\p2\tpv2\tpv2\x64\debug\imagewithframes.obj
c:\users\jaime vicente arroyo\desktop\c0s1t4s\universidad\2º\tpv2\tpbot\p2\tpv2\tpv2\x64\debug\image.obj
c:\users\jaime vicente arroyo\desktop\c0s1t4s\universidad\2º\tpv2\tpbot\p2\tpv2\tpv2\x64\debug\healthcomponent.obj
c:\users\jaime vicente arroyo\desktop\c0s1t4s\universidad\2º\tpv2\tpbot\p2\tpv2\tpv2\x64\debug\vector2d.obj
c:\users\jaime vicente arroyo\desktop\c0s1t4s\universidad\2º\tpv2\tpbot\p2\tpv2\tpv2\x64\debug\collisions.obj
c:\users\jaime vicente arroyo\desktop\c0s1t4s\universidad\2º\tpv2\tpbot\p2\tpv2\tpv2\x64\debug\rendersystem.obj
c:\users\jaime vicente arroyo\desktop\c0s1t4s\universidad\2º\tpv2\tpbot\p2\tpv2\tpv2\x64\debug\pacmansystem.obj
c:\users\jaime vicente arroyo\desktop\c0s1t4s\universidad\2º\tpv2\tpbot\p2\tpv2\tpv2\x64\debug\immunitysystem.obj
c:\users\jaime vicente arroyo\desktop\c0s1t4s\universidad\2º\tpv2\tpbot\p2\tpv2\tpv2\x64\debug\ghostsystem.obj
c:\users\jaime vicente arroyo\desktop\c0s1t4s\universidad\2º\tpv2\tpbot\p2\tpv2\tpv2\x64\debug\gamectrlsystem.obj
c:\users\jaime vicente arroyo\desktop\c0s1t4s\universidad\2º\tpv2\tpbot\p2\tpv2\tpv2\x64\debug\collisionsystem.obj
c:\users\jaime vicente arroyo\desktop\c0s1t4s\universidad\2º\tpv2\tpbot\p2\tpv2\tpv2\x64\debug\texture.obj
c:\users\jaime vicente arroyo\desktop\c0s1t4s\universidad\2º\tpv2\tpbot\p2\tpv2\tpv2\x64\debug\foodsystem.obj
c:\users\javi\desktop\escritorio temporal\tpv2\tpbot\p2\tpv2\bin\tpv2debug.lib
c:\users\javi\desktop\escritorio temporal\tpv2\tpbot\p2\tpv2\bin\tpv2debug.exp
c:\users\jaime vicente arroyo\desktop\c0s1t4s\universidad\2º\tpv2\tpbot\p2\tpv2\tpv2\x64\debug\tpv2debug.ilk
c:\users\jaime vicente arroyo\desktop\c0s1t4s\universidad\2º\tpv2\tpbot\p2\tpv2\bin\tpv2debug.exe
c:\users\jaime vicente arroyo\desktop\c0s1t4s\universidad\2º\tpv2\tpbot\p2\tpv2\bin\tpv2debug.pdb
c:\users\jaime vicente arroyo\desktop\c0s1t4s\universidad\2º\tpv2\tpbot\p2\tpv2\bin\tpv2debug.lib
c:\users\jaime vicente arroyo\desktop\c0s1t4s\universidad\2º\tpv2\tpbot\p2\tpv2\bin\tpv2debug.exp
c:\users\jaime vicente arroyo\desktop\c0s1t4s\universidad\2º\tpv2\tpbot\p2\tpv2\tpv2\x64\debug\tpv2.tlog\cl.command.1.tlog
c:\users\jaime vicente arroyo\desktop\c0s1t4s\universidad\2º\tpv2\tpbot\p2\tpv2\tpv2\x64\debug\tpv2.tlog\cl.items.tlog
c:\users\jaime vicente arroyo\desktop\c0s1t4s\universidad\2º\tpv2\tpbot\p2\tpv2\tpv2\x64\debug\tpv2.tlog\cl.read.1.tlog
c:\users\jaime vicente arroyo\desktop\c0s1t4s\universidad\2º\tpv2\tpbot\p2\tpv2\tpv2\x64\debug\tpv2.tlog\cl.write.1.tlog
c:\users\jaime vicente arroyo\desktop\c0s1t4s\universidad\2º\tpv2\tpbot\p2\tpv2\tpv2\x64\debug\tpv2.tlog\link.command.1.tlog
c:\users\jaime vicente arroyo\desktop\c0s1t4s\universidad\2º\tpv2\tpbot\p2\tpv2\tpv2\x64\debug\tpv2.tlog\link.read.1.tlog
c:\users\jaime vicente arroyo\desktop\c0s1t4s\universidad\2º\tpv2\tpbot\p2\tpv2\tpv2\x64\debug\tpv2.tlog\link.write.1.tlog
c:\users\jaime vicente arroyo\desktop\c0s1t4s\universidad\2º\tpv2\tpbot\p2\tpv2\tpv2\x64\debug\tpv2.tlog\tpv2.write.1u.tlog
