C:\Program Files\Microsoft Visual Studio\2022\Community\MSBuild\Microsoft\VC\v170\Microsoft.CppBuild.targets(517,5): warning MSB8004: El directorio Output no termina con una barra diagonal final. Esta instancia de compilación agregará la barra diagonal porque es necesaria para que se pueda evaluar correctamente el directorio Output.
  HealthComponent.cpp
C:\Users\Javi\Desktop\Escritorio Temporal\TPV2\TPBot\P2\TPV2\TPV2\src\components\HealthComponent.cpp(23,34): warning C4244: 'argumento': conversión de 'int' a 'float'; posible pérdida de datos
  Image.cpp
C:\Users\Javi\Desktop\Escritorio Temporal\TPV2\TPBot\P2\TPV2\TPV2\src\components\Transform.h(8,18): warning C4099: 'Transform': nombre de tipo visto anteriormente usando 'class' ahora se ve usando 'struct'
C:\Users\Javi\Desktop\Escritorio Temporal\TPV2\TPBot\P2\TPV2\TPV2\src\components\Transform.h(8,8): message : vea la declaración de 'Transform'
  ImageWithFrames.cpp
C:\Users\Javi\Desktop\Escritorio Temporal\TPV2\TPBot\P2\TPV2\TPV2\src\components\Transform.h(8,18): warning C4099: 'Transform': nombre de tipo visto anteriormente usando 'class' ahora se ve usando 'struct'
C:\Users\Javi\Desktop\Escritorio Temporal\TPV2\TPBot\P2\TPV2\TPV2\src\components\Transform.h(8,8): message : vea la declaración de 'Transform'
C:\Users\Javi\Desktop\Escritorio Temporal\TPV2\TPBot\P2\TPV2\TPV2\src\components\ImageWithFrames.cpp(49,4): warning C4244: 'argumento': conversión de 'int' a 'float'; posible pérdida de datos
C:\Users\Javi\Desktop\Escritorio Temporal\TPV2\TPBot\P2\TPV2\TPV2\src\components\ImageWithFrames.cpp(48,72): warning C4244: 'argumento': conversión de 'int' a 'float'; posible pérdida de datos
C:\Users\Javi\Desktop\Escritorio Temporal\TPV2\TPBot\P2\TPV2\TPV2\src\components\ImageWithFrames.cpp(48,66): warning C4244: 'argumento': conversión de 'int' a 'float'; posible pérdida de datos
C:\Users\Javi\Desktop\Escritorio Temporal\TPV2\TPBot\P2\TPV2\TPV2\src\components\ImageWithFrames.cpp(48,43): warning C4244: 'argumento': conversión de 'int' a 'float'; posible pérdida de datos
  MiracleFruit.cpp
  Transform.cpp
C:\Users\Javi\Desktop\Escritorio Temporal\TPV2\TPBot\P2\TPV2\TPV2\src\components\Transform.cpp(33,14): warning C4244: 'argumento': conversión de 'float' a 'int'; posible pérdida de datos
C:\Users\Javi\Desktop\Escritorio Temporal\TPV2\TPBot\P2\TPV2\TPV2\src\components\Transform.cpp(32,71): warning C4244: 'argumento': conversión de 'float' a 'int'; posible pérdida de datos
C:\Users\Javi\Desktop\Escritorio Temporal\TPV2\TPBot\P2\TPV2\TPV2\src\components\Transform.cpp(32,56): warning C4244: 'argumento': conversión de 'float' a 'int'; posible pérdida de datos
C:\Users\Javi\Desktop\Escritorio Temporal\TPV2\TPBot\P2\TPV2\TPV2\src\components\Transform.cpp(32,41): warning C4244: 'argumento': conversión de 'float' a 'int'; posible pérdida de datos
C:\Users\Javi\Desktop\Escritorio Temporal\TPV2\TPBot\P2\TPV2\TPV2\src\components\Transform.cpp(35,14): warning C4244: 'argumento': conversión de 'float' a 'int'; posible pérdida de datos
C:\Users\Javi\Desktop\Escritorio Temporal\TPV2\TPBot\P2\TPV2\TPV2\src\components\Transform.cpp(34,71): warning C4244: 'argumento': conversión de 'float' a 'int'; posible pérdida de datos
C:\Users\Javi\Desktop\Escritorio Temporal\TPV2\TPBot\P2\TPV2\TPV2\src\components\Transform.cpp(34,56): warning C4244: 'argumento': conversión de 'float' a 'int'; posible pérdida de datos
C:\Users\Javi\Desktop\Escritorio Temporal\TPV2\TPBot\P2\TPV2\TPV2\src\components\Transform.cpp(34,41): warning C4244: 'argumento': conversión de 'float' a 'int'; posible pérdida de datos
C:\Users\Javi\Desktop\Escritorio Temporal\TPV2\TPBot\P2\TPV2\TPV2\src\components\Transform.cpp(37,14): warning C4244: 'argumento': conversión de 'float' a 'int'; posible pérdida de datos
C:\Users\Javi\Desktop\Escritorio Temporal\TPV2\TPBot\P2\TPV2\TPV2\src\components\Transform.cpp(36,71): warning C4244: 'argumento': conversión de 'float' a 'int'; posible pérdida de datos
C:\Users\Javi\Desktop\Escritorio Temporal\TPV2\TPBot\P2\TPV2\TPV2\src\components\Transform.cpp(36,56): warning C4244: 'argumento': conversión de 'float' a 'int'; posible pérdida de datos
C:\Users\Javi\Desktop\Escritorio Temporal\TPV2\TPBot\P2\TPV2\TPV2\src\components\Transform.cpp(36,41): warning C4244: 'argumento': conversión de 'float' a 'int'; posible pérdida de datos
C:\Users\Javi\Desktop\Escritorio Temporal\TPV2\TPBot\P2\TPV2\TPV2\src\components\Transform.cpp(39,14): warning C4244: 'argumento': conversión de 'float' a 'int'; posible pérdida de datos
C:\Users\Javi\Desktop\Escritorio Temporal\TPV2\TPBot\P2\TPV2\TPV2\src\components\Transform.cpp(38,71): warning C4244: 'argumento': conversión de 'float' a 'int'; posible pérdida de datos
C:\Users\Javi\Desktop\Escritorio Temporal\TPV2\TPBot\P2\TPV2\TPV2\src\components\Transform.cpp(38,56): warning C4244: 'argumento': conversión de 'float' a 'int'; posible pérdida de datos
C:\Users\Javi\Desktop\Escritorio Temporal\TPV2\TPBot\P2\TPV2\TPV2\src\components\Transform.cpp(38,41): warning C4244: 'argumento': conversión de 'float' a 'int'; posible pérdida de datos
C:\Users\Javi\Desktop\Escritorio Temporal\TPV2\TPBot\P2\TPV2\TPV2\src\components\Transform.cpp(52,64): warning C4244: 'argumento': conversión de 'float' a 'int'; posible pérdida de datos
C:\Users\Javi\Desktop\Escritorio Temporal\TPV2\TPBot\P2\TPV2\TPV2\src\components\Transform.cpp(52,48): warning C4244: 'argumento': conversión de 'float' a 'int'; posible pérdida de datos
C:\Users\Javi\Desktop\Escritorio Temporal\TPV2\TPBot\P2\TPV2\TPV2\src\components\Transform.cpp(52,34): warning C4244: 'argumento': conversión de 'float' a 'int'; posible pérdida de datos
C:\Users\Javi\Desktop\Escritorio Temporal\TPV2\TPBot\P2\TPV2\TPV2\src\components\Transform.cpp(52,31): warning C4244: 'argumento': conversión de 'float' a 'int'; posible pérdida de datos
  Manager.cpp
  Game.cpp
C:\Users\Javi\Desktop\Escritorio Temporal\TPV2\TPBot\P2\TPV2\TPV2\src\game\NewRoundState.h(4,15): warning C4099: 'SDL_Rect': nombre de tipo visto anteriormente usando 'struct' ahora se ve usando 'class'
C:\Users\Javi\Desktop\Escritorio Temporal\TPV2\TPBot\P2\TPV2\SDL2-2.0.7\include\SDL_rect.h(64,16): message : vea la declaración de 'SDL_Rect'
C:\Users\Javi\Desktop\Escritorio Temporal\TPV2\TPBot\P2\TPV2\TPV2\src\game\NewGameState.h(5,15): warning C4099: 'SDL_Rect': nombre de tipo visto anteriormente usando 'struct' ahora se ve usando 'class'
C:\Users\Javi\Desktop\Escritorio Temporal\TPV2\TPBot\P2\TPV2\TPV2\src\game\NewRoundState.h(4,7): message : vea la declaración de 'SDL_Rect'
C:\Users\Javi\Desktop\Escritorio Temporal\TPV2\TPBot\P2\TPV2\TPV2\src\game\GameOverState.h(5,15): warning C4099: 'SDL_Rect': nombre de tipo visto anteriormente usando 'struct' ahora se ve usando 'class'
C:\Users\Javi\Desktop\Escritorio Temporal\TPV2\TPBot\P2\TPV2\TPV2\src\game\NewGameState.h(5,7): message : vea la declaración de 'SDL_Rect'
C:\Users\Javi\Desktop\Escritorio Temporal\TPV2\TPBot\P2\TPV2\TPV2\src\game\PauseState.h(4,15): warning C4099: 'SDL_Rect': nombre de tipo visto anteriormente usando 'struct' ahora se ve usando 'class'
C:\Users\Javi\Desktop\Escritorio Temporal\TPV2\TPBot\P2\TPV2\TPV2\src\game\GameOverState.h(5,7): message : vea la declaración de 'SDL_Rect'
  GameOverState.cpp
C:\Users\Javi\Desktop\Escritorio Temporal\TPV2\TPBot\P2\TPV2\TPV2\src\game\GameOverState.h(5,15): warning C4099: 'SDL_Rect': nombre de tipo visto anteriormente usando 'struct' ahora se ve usando 'class'
C:\Users\Javi\Desktop\Escritorio Temporal\TPV2\TPBot\P2\TPV2\SDL2-2.0.7\include\SDL_rect.h(64,16): message : vea la declaración de 'SDL_Rect'
C:\Users\Javi\Desktop\Escritorio Temporal\TPV2\TPBot\P2\TPV2\TPV2\src\game\GameOverState.cpp(12,10): warning C4244: 'inicializando': conversión de 'int' a 'float'; posible pérdida de datos
C:\Users\Javi\Desktop\Escritorio Temporal\TPV2\TPBot\P2\TPV2\TPV2\src\game\GameOverState.cpp(13,10): warning C4244: 'inicializando': conversión de 'int' a 'float'; posible pérdida de datos
C:\Users\Javi\Desktop\Escritorio Temporal\TPV2\TPBot\P2\TPV2\TPV2\src\game\GameOverState.cpp(14,57): warning C4244: 'argumento': conversión de 'int' a 'float'; posible pérdida de datos
C:\Users\Javi\Desktop\Escritorio Temporal\TPV2\TPBot\P2\TPV2\TPV2\src\game\GameOverState.cpp(14,41): warning C4244: 'argumento': conversión de 'int' a 'float'; posible pérdida de datos
C:\Users\Javi\Desktop\Escritorio Temporal\TPV2\TPBot\P2\TPV2\TPV2\src\sdlutils\SDLUtils.h(51,32): warning C4101: 'e': variable local sin referencia
C:\Users\Javi\Desktop\Escritorio Temporal\TPV2\TPBot\P2\TPV2\TPV2\src\sdlutils\SDLUtils.h(48,13): message : al compilar la función del miembro clase plantilla "T &SDLUtils::map_access_wrapper<T>::at(const std::string &)"
          with
          [
              T=Texture
          ]
C:\Users\Javi\Desktop\Escritorio Temporal\TPV2\TPBot\P2\TPV2\TPV2\src\game\GameOverState.cpp(10,6): message : vea la primera referencia a “SDLUtils::map_access_wrapper<Texture>::at” en “GameOverState::GameOverState”
C:\Users\Javi\Desktop\Escritorio Temporal\TPV2\TPBot\P2\TPV2\TPV2\src\sdlutils\SDLUtils.h(199,30): message : Vea la referencia a la creación de una instancia de clase plantilla "SDLUtils::map_access_wrapper<Texture>" que se está compilando
  GameState.cpp
  NewGameState.cpp
C:\Users\Javi\Desktop\Escritorio Temporal\TPV2\TPBot\P2\TPV2\TPV2\src\game\NewGameState.h(5,15): warning C4099: 'SDL_Rect': nombre de tipo visto anteriormente usando 'struct' ahora se ve usando 'class'
C:\Users\Javi\Desktop\Escritorio Temporal\TPV2\TPBot\P2\TPV2\SDL2-2.0.7\include\SDL_rect.h(64,16): message : vea la declaración de 'SDL_Rect'
C:\Users\Javi\Desktop\Escritorio Temporal\TPV2\TPBot\P2\TPV2\TPV2\src\game\NewGameState.cpp(12,10): warning C4244: 'inicializando': conversión de 'int' a 'float'; posible pérdida de datos
C:\Users\Javi\Desktop\Escritorio Temporal\TPV2\TPBot\P2\TPV2\TPV2\src\game\NewGameState.cpp(13,10): warning C4244: 'inicializando': conversión de 'int' a 'float'; posible pérdida de datos
C:\Users\Javi\Desktop\Escritorio Temporal\TPV2\TPBot\P2\TPV2\TPV2\src\game\NewGameState.cpp(14,57): warning C4244: 'argumento': conversión de 'int' a 'float'; posible pérdida de datos
C:\Users\Javi\Desktop\Escritorio Temporal\TPV2\TPBot\P2\TPV2\TPV2\src\game\NewGameState.cpp(14,41): warning C4244: 'argumento': conversión de 'int' a 'float'; posible pérdida de datos
C:\Users\Javi\Desktop\Escritorio Temporal\TPV2\TPBot\P2\TPV2\TPV2\src\sdlutils\SDLUtils.h(51,32): warning C4101: 'e': variable local sin referencia
C:\Users\Javi\Desktop\Escritorio Temporal\TPV2\TPBot\P2\TPV2\TPV2\src\sdlutils\SDLUtils.h(48,13): message : al compilar la función del miembro clase plantilla "T &SDLUtils::map_access_wrapper<T>::at(const std::string &)"
          with
          [
              T=SoundEffect
          ]
C:\Users\Javi\Desktop\Escritorio Temporal\TPV2\TPBot\P2\TPV2\TPV2\src\game\NewGameState.cpp(17,51): message : vea la primera referencia a “SDLUtils::map_access_wrapper<SoundEffect>::at” en “NewGameState::NewGameState”
C:\Users\Javi\Desktop\Escritorio Temporal\TPV2\TPBot\P2\TPV2\TPV2\src\sdlutils\SDLUtils.h(201,34): message : Vea la referencia a la creación de una instancia de clase plantilla "SDLUtils::map_access_wrapper<SoundEffect>" que se está compilando
  NewRoundState.cpp
C:\Users\Javi\Desktop\Escritorio Temporal\TPV2\TPBot\P2\TPV2\TPV2\src\game\NewRoundState.h(4,15): warning C4099: 'SDL_Rect': nombre de tipo visto anteriormente usando 'struct' ahora se ve usando 'class'
C:\Users\Javi\Desktop\Escritorio Temporal\TPV2\TPBot\P2\TPV2\SDL2-2.0.7\include\SDL_rect.h(64,16): message : vea la declaración de 'SDL_Rect'
C:\Users\Javi\Desktop\Escritorio Temporal\TPV2\TPBot\P2\TPV2\TPV2\src\game\NewRoundState.cpp(10,10): warning C4244: 'inicializando': conversión de 'int' a 'float'; posible pérdida de datos
C:\Users\Javi\Desktop\Escritorio Temporal\TPV2\TPBot\P2\TPV2\TPV2\src\game\NewRoundState.cpp(11,10): warning C4244: 'inicializando': conversión de 'int' a 'float'; posible pérdida de datos
C:\Users\Javi\Desktop\Escritorio Temporal\TPV2\TPBot\P2\TPV2\TPV2\src\game\NewRoundState.cpp(12,57): warning C4244: 'argumento': conversión de 'int' a 'float'; posible pérdida de datos
C:\Users\Javi\Desktop\Escritorio Temporal\TPV2\TPBot\P2\TPV2\TPV2\src\game\NewRoundState.cpp(12,41): warning C4244: 'argumento': conversión de 'int' a 'float'; posible pérdida de datos
C:\Users\Javi\Desktop\Escritorio Temporal\TPV2\TPBot\P2\TPV2\TPV2\src\sdlutils\SDLUtils.h(51,32): warning C4101: 'e': variable local sin referencia
C:\Users\Javi\Desktop\Escritorio Temporal\TPV2\TPBot\P2\TPV2\TPV2\src\sdlutils\SDLUtils.h(48,13): message : al compilar la función del miembro clase plantilla "T &SDLUtils::map_access_wrapper<T>::at(const std::string &)"
          with
          [
              T=Texture
          ]
C:\Users\Javi\Desktop\Escritorio Temporal\TPV2\TPBot\P2\TPV2\TPV2\src\game\NewRoundState.cpp(8,6): message : vea la primera referencia a “SDLUtils::map_access_wrapper<Texture>::at” en “NewRoundState::NewRoundState”
C:\Users\Javi\Desktop\Escritorio Temporal\TPV2\TPBot\P2\TPV2\TPV2\src\sdlutils\SDLUtils.h(199,30): message : Vea la referencia a la creación de una instancia de clase plantilla "SDLUtils::map_access_wrapper<Texture>" que se está compilando
  PauseState.cpp
C:\Users\Javi\Desktop\Escritorio Temporal\TPV2\TPBot\P2\TPV2\TPV2\src\game\PauseState.h(4,15): warning C4099: 'SDL_Rect': nombre de tipo visto anteriormente usando 'struct' ahora se ve usando 'class'
C:\Users\Javi\Desktop\Escritorio Temporal\TPV2\TPBot\P2\TPV2\SDL2-2.0.7\include\SDL_rect.h(64,16): message : vea la declaración de 'SDL_Rect'
C:\Users\Javi\Desktop\Escritorio Temporal\TPV2\TPBot\P2\TPV2\TPV2\src\game\PauseState.cpp(12,10): warning C4244: 'inicializando': conversión de 'int' a 'float'; posible pérdida de datos
C:\Users\Javi\Desktop\Escritorio Temporal\TPV2\TPBot\P2\TPV2\TPV2\src\game\PauseState.cpp(13,10): warning C4244: 'inicializando': conversión de 'int' a 'float'; posible pérdida de datos
C:\Users\Javi\Desktop\Escritorio Temporal\TPV2\TPBot\P2\TPV2\TPV2\src\game\PauseState.cpp(14,57): warning C4244: 'argumento': conversión de 'int' a 'float'; posible pérdida de datos
C:\Users\Javi\Desktop\Escritorio Temporal\TPV2\TPBot\P2\TPV2\TPV2\src\game\PauseState.cpp(14,41): warning C4244: 'argumento': conversión de 'int' a 'float'; posible pérdida de datos
C:\Users\Javi\Desktop\Escritorio Temporal\TPV2\TPBot\P2\TPV2\TPV2\src\sdlutils\SDLUtils.h(51,32): warning C4101: 'e': variable local sin referencia
C:\Users\Javi\Desktop\Escritorio Temporal\TPV2\TPBot\P2\TPV2\TPV2\src\sdlutils\SDLUtils.h(48,13): message : al compilar la función del miembro clase plantilla "T &SDLUtils::map_access_wrapper<T>::at(const std::string &)"
          with
          [
              T=Texture
          ]
C:\Users\Javi\Desktop\Escritorio Temporal\TPV2\TPBot\P2\TPV2\TPV2\src\game\PauseState.cpp(10,6): message : vea la primera referencia a “SDLUtils::map_access_wrapper<Texture>::at” en “PauseState::PauseState”
C:\Users\Javi\Desktop\Escritorio Temporal\TPV2\TPBot\P2\TPV2\TPV2\src\sdlutils\SDLUtils.h(199,30): message : Vea la referencia a la creación de una instancia de clase plantilla "SDLUtils::map_access_wrapper<Texture>" que se está compilando
  RunningState.cpp
  JSON.cpp
  JSONValue.cpp
  json_demo.cpp
  main.cpp
  SDLUtils.cpp
  sdlutils_demo.cpp
C:\Users\Javi\Desktop\Escritorio Temporal\TPV2\TPBot\P2\TPV2\TPV2\src\sdlutils\SDLUtils.h(51,32): warning C4101: 'e': variable local sin referencia
C:\Users\Javi\Desktop\Escritorio Temporal\TPV2\TPBot\P2\TPV2\TPV2\src\sdlutils\SDLUtils.h(48,13): message : al compilar la función del miembro clase plantilla "T &SDLUtils::map_access_wrapper<T>::at(const std::string &)"
          with
          [
              T=Music
          ]
C:\Users\Javi\Desktop\Escritorio Temporal\TPV2\TPBot\P2\TPV2\TPV2\src\sdlutils\sdlutils_demo.cpp(52,30): message : vea la primera referencia a “SDLUtils::map_access_wrapper<Music>::at” en “sdlutils_basic_demo”
C:\Users\Javi\Desktop\Escritorio Temporal\TPV2\TPBot\P2\TPV2\TPV2\src\sdlutils\SDLUtils.h(202,28): message : Vea la referencia a la creación de una instancia de clase plantilla "SDLUtils::map_access_wrapper<Music>" que se está compilando
  SoundEffect.cpp
  Generando código...
  Compilando...
  Texture.cpp
  CollisionSystem.cpp
C:\Users\Javi\Desktop\Escritorio Temporal\TPV2\TPBot\P2\TPV2\TPV2\src\components\Transform.h(8,18): warning C4099: 'Transform': nombre de tipo visto anteriormente usando 'class' ahora se ve usando 'struct'
C:\Users\Javi\Desktop\Escritorio Temporal\TPV2\TPBot\P2\TPV2\TPV2\src\components\Transform.h(8,8): message : vea la declaración de 'Transform'
C:\Users\Javi\Desktop\Escritorio Temporal\TPV2\TPBot\P2\TPV2\TPV2\src\sdlutils\SDLUtils.h(51,32): warning C4101: 'e': variable local sin referencia
C:\Users\Javi\Desktop\Escritorio Temporal\TPV2\TPBot\P2\TPV2\TPV2\src\sdlutils\SDLUtils.h(48,13): message : al compilar la función del miembro clase plantilla "T &SDLUtils::map_access_wrapper<T>::at(const std::string &)"
          with
          [
              T=SoundEffect
          ]
C:\Users\Javi\Desktop\Escritorio Temporal\TPV2\TPBot\P2\TPV2\TPV2\src\systems\CollisionSystem.cpp(45,51): message : vea la primera referencia a “SDLUtils::map_access_wrapper<SoundEffect>::at” en “CollisionSystem::checkCollisions”
C:\Users\Javi\Desktop\Escritorio Temporal\TPV2\TPBot\P2\TPV2\TPV2\src\sdlutils\SDLUtils.h(201,34): message : Vea la referencia a la creación de una instancia de clase plantilla "SDLUtils::map_access_wrapper<SoundEffect>" que se está compilando
  FoodSystem.cpp
C:\Users\Javi\Desktop\Escritorio Temporal\TPV2\TPBot\P2\TPV2\TPV2\src\components\Image.h(7,16): warning C4099: 'Transform': nombre de tipo visto anteriormente usando 'struct' ahora se ve usando 'class'
C:\Users\Javi\Desktop\Escritorio Temporal\TPV2\TPBot\P2\TPV2\TPV2\src\components\Transform.h(8,8): message : vea la declaración de 'Transform'
C:\Users\Javi\Desktop\Escritorio Temporal\TPV2\TPBot\P2\TPV2\TPV2\src\components\ImageWithFrames.h(7,16): warning C4099: 'Transform': nombre de tipo visto anteriormente usando 'struct' ahora se ve usando 'class'
C:\Users\Javi\Desktop\Escritorio Temporal\TPV2\TPBot\P2\TPV2\TPV2\src\components\Image.h(7,7): message : vea la declaración de 'Transform'
C:\Users\Javi\Desktop\Escritorio Temporal\TPV2\TPBot\P2\TPV2\TPV2\src\systems\FoodSystem.cpp(95,85): warning C4244: 'argumento': conversión de 'int' a 'float'; posible pérdida de datos
C:\Users\Javi\Desktop\Escritorio Temporal\TPV2\TPBot\P2\TPV2\TPV2\src\systems\FoodSystem.cpp(95,46): warning C4244: 'argumento': conversión de 'int' a 'float'; posible pérdida de datos
C:\Users\Javi\Desktop\Escritorio Temporal\TPV2\TPBot\P2\TPV2\TPV2\src\systems\FoodSystem.cpp(82,8): warning C4101: 'offsetX': variable local sin referencia
C:\Users\Javi\Desktop\Escritorio Temporal\TPV2\TPBot\P2\TPV2\TPV2\src\systems\FoodSystem.cpp(83,8): warning C4101: 'offsetY': variable local sin referencia
C:\Users\Javi\Desktop\Escritorio Temporal\TPV2\TPBot\P2\TPV2\TPV2\src\sdlutils\SDLUtils.h(51,32): warning C4101: 'e': variable local sin referencia
C:\Users\Javi\Desktop\Escritorio Temporal\TPV2\TPBot\P2\TPV2\TPV2\src\sdlutils\SDLUtils.h(48,13): message : al compilar la función del miembro clase plantilla "T &SDLUtils::map_access_wrapper<T>::at(const std::string &)"
          with
          [
              T=SoundEffect
          ]
C:\Users\Javi\Desktop\Escritorio Temporal\TPV2\TPBot\P2\TPV2\TPV2\src\systems\FoodSystem.cpp(35,50): message : vea la primera referencia a “SDLUtils::map_access_wrapper<SoundEffect>::at” en “FoodSystem::update”
C:\Users\Javi\Desktop\Escritorio Temporal\TPV2\TPBot\P2\TPV2\TPV2\src\sdlutils\SDLUtils.h(201,34): message : Vea la referencia a la creación de una instancia de clase plantilla "SDLUtils::map_access_wrapper<SoundEffect>" que se está compilando
C:\Users\Javi\Desktop\Escritorio Temporal\TPV2\TPBot\P2\TPV2\TPV2\src\ecs\Manager.h(96,40): warning C4244: 'argumento': conversión de '_Ty' a 'float'; posible pérdida de datos
          with
          [
              _Ty=int
          ]
C:\Users\Javi\Desktop\Escritorio Temporal\TPV2\TPBot\P2\TPV2\TPV2\src\systems\FoodSystem.cpp(94,9): message : Vea la referencia a la creación de una instancia de la función plantilla "T *ecs::Manager::addComponent<Transform,Vector2D,Vector2D,int&,int&,int>(ecs::entity_t,Vector2D &&,Vector2D &&,int &,int &,int &&)" que se está compilando
          with
          [
              T=Transform
          ]
C:\Users\Javi\Desktop\Escritorio Temporal\TPV2\TPBot\P2\TPV2\TPV2\src\ecs\Manager.h(96,40): warning C4244: 'argumento': conversión de 'int' a 'float'; posible pérdida de datos
  GameCtrlSystem.cpp
  GhostSystem.cpp
C:\Users\Javi\Desktop\Escritorio Temporal\TPV2\TPBot\P2\TPV2\TPV2\src\components\Transform.h(8,18): warning C4099: 'Transform': nombre de tipo visto anteriormente usando 'class' ahora se ve usando 'struct'
C:\Users\Javi\Desktop\Escritorio Temporal\TPV2\TPBot\P2\TPV2\TPV2\src\components\Transform.h(8,8): message : vea la declaración de 'Transform'
C:\Users\Javi\Desktop\Escritorio Temporal\TPV2\TPBot\P2\TPV2\TPV2\src\systems\GhostSystem.cpp(28,47): warning C4018: '<': no coinciden signed/unsigned
C:\Users\Javi\Desktop\Escritorio Temporal\TPV2\TPBot\P2\TPV2\TPV2\src\systems\GhostSystem.cpp(103,34): warning C4244: 'argumento': conversión de 'int' a 'float'; posible pérdida de datos
C:\Users\Javi\Desktop\Escritorio Temporal\TPV2\TPBot\P2\TPV2\TPV2\src\systems\GhostSystem.cpp(106,54): warning C4244: 'argumento': conversión de 'int' a 'float'; posible pérdida de datos
C:\Users\Javi\Desktop\Escritorio Temporal\TPV2\TPBot\P2\TPV2\TPV2\src\systems\GhostSystem.cpp(106,34): warning C4244: 'argumento': conversión de 'int' a 'float'; posible pérdida de datos
C:\Users\Javi\Desktop\Escritorio Temporal\TPV2\TPBot\P2\TPV2\TPV2\src\systems\GhostSystem.cpp(109,37): warning C4244: 'argumento': conversión de 'int' a 'float'; posible pérdida de datos
C:\Users\Javi\Desktop\Escritorio Temporal\TPV2\TPBot\P2\TPV2\TPV2\src\systems\GhostSystem.cpp(147,2): warning C4809: la instrucción switch tiene una etiqueta 'default' redundante; se proporcionan todas las etiquetas 'case' posibles
C:\Users\Javi\Desktop\Escritorio Temporal\TPV2\TPBot\P2\TPV2\TPV2\src\sdlutils\SDLUtils.h(51,32): warning C4101: 'e': variable local sin referencia
C:\Users\Javi\Desktop\Escritorio Temporal\TPV2\TPBot\P2\TPV2\TPV2\src\sdlutils\SDLUtils.h(48,13): message : al compilar la función del miembro clase plantilla "T &SDLUtils::map_access_wrapper<T>::at(const std::string &)"
          with
          [
              T=Texture
          ]
C:\Users\Javi\Desktop\Escritorio Temporal\TPV2\TPBot\P2\TPV2\TPV2\src\systems\GhostSystem.cpp(118,38): message : vea la primera referencia a “SDLUtils::map_access_wrapper<Texture>::at” en “GhostSystem::addGhost”
C:\Users\Javi\Desktop\Escritorio Temporal\TPV2\TPBot\P2\TPV2\TPV2\src\sdlutils\SDLUtils.h(199,30): message : Vea la referencia a la creación de una instancia de clase plantilla "SDLUtils::map_access_wrapper<Texture>" que se está compilando
  ImmunitySystem.cpp
C:\Users\Javi\Desktop\Escritorio Temporal\TPV2\TPBot\P2\TPV2\TPV2\src\systems\ImmunitySystem.cpp(23,52): warning C4018: '>=': no coinciden signed/unsigned
  PacManSystem.cpp
C:\Users\Javi\Desktop\Escritorio Temporal\TPV2\TPBot\P2\TPV2\TPV2\src\components\Transform.h(8,18): warning C4099: 'Transform': nombre de tipo visto anteriormente usando 'class' ahora se ve usando 'struct'
C:\Users\Javi\Desktop\Escritorio Temporal\TPV2\TPBot\P2\TPV2\TPV2\src\components\Transform.h(8,8): message : vea la declaración de 'Transform'
C:\Users\Javi\Desktop\Escritorio Temporal\TPV2\TPBot\P2\TPV2\TPV2\src\sdlutils\SDLUtils.h(51,32): warning C4101: 'e': variable local sin referencia
C:\Users\Javi\Desktop\Escritorio Temporal\TPV2\TPBot\P2\TPV2\TPV2\src\sdlutils\SDLUtils.h(48,13): message : al compilar la función del miembro clase plantilla "T &SDLUtils::map_access_wrapper<T>::at(const std::string &)"
          with
          [
              T=SoundEffect
          ]
C:\Users\Javi\Desktop\Escritorio Temporal\TPV2\TPBot\P2\TPV2\TPV2\src\systems\PacManSystem.cpp(81,52): message : vea la primera referencia a “SDLUtils::map_access_wrapper<SoundEffect>::at” en “PacManSystem::update”
C:\Users\Javi\Desktop\Escritorio Temporal\TPV2\TPBot\P2\TPV2\TPV2\src\sdlutils\SDLUtils.h(201,34): message : Vea la referencia a la creación de una instancia de clase plantilla "SDLUtils::map_access_wrapper<SoundEffect>" que se está compilando
  RenderSystem.cpp
  Collisions.cpp
  Vector2D.cpp
  Generando código...
     Creando biblioteca C:\Users\Javi\Desktop\Escritorio Temporal\TPV2\TPBot\P2\TPV2\bin\TPV2Debug.lib y objeto C:\Users\Javi\Desktop\Escritorio Temporal\TPV2\TPBot\P2\TPV2\bin\TPV2Debug.exp
  TPV2.vcxproj -> C:\Users\Javi\Desktop\Escritorio Temporal\TPV2\TPBot\P2\TPV2\bin\TPV2Debug.exe
